This is XeTeX, Version 3.14159265-2.6-0.999992 (TeX Live 2020/Debian) (preloaded format=xelatex 2020.10.30)  31 DEC 2020 15:32
entering extended mode
 restricted \write18 enabled.
 %&-line parsing enabled.
**Piano-Works--vol-1-nocover.tex
(./Piano-Works--vol-1-nocover.tex
LaTeX2e <2020-02-02> patch level 5
L3 programming layer <2020-07-17>
(/usr/share/texlive/texmf-dist/tex/latex/memoir/memoir.cls
Document Class: memoir 2020/06/02 v3.7l configurable book, report, article docu
ment class
\onelineskip=\skip47
\lxvchars=\skip48
\xlvchars=\skip49
\@memcnta=\count164
\c@@memmarkcntra=\count165
LaTeX Info: Redefining \InputIfFileExists on input line 140.
(/usr/share/texlive/texmf-dist/tex/generic/iftex/iftex.sty
Package: iftex 2020/03/06 v1.0d TeX engine tests
)
\stockheight=\skip50
\stockwidth=\skip51
\trimtop=\skip52
\trimedge=\skip53

(/usr/share/texlive/texmf-dist/tex/latex/memoir/mem10.clo
File: mem10.clo 2008/01/30 v0.3 memoir class 10pt size option
)
\binding=\skip54
\spinemargin=\skip55
\foremargin=\skip56
\uppermargin=\skip57
\lowermargin=\skip58
\headdrop=\skip59
\normalrulethickness=\skip60
\mem@maxheadheight=\skip61
\mem@maxfootheight=\skip62
\headwidth=\skip63
\c@storedpagenumber=\count166
\memPD=\dimen134
\m@mabparskip=\skip64
\thanksmarkwidth=\skip65
\thanksmarksep=\skip66
\droptitle=\skip67
\c@book=\count167
\c@part=\count168
\c@chapter=\count169
\c@section=\count170
\c@subsection=\count171
\c@subsubsection=\count172
\c@paragraph=\count173
\c@subparagraph=\count174
\beforechapskip=\skip68
\midchapskip=\skip69
\afterchapskip=\skip70
\chapindent=\skip71
\bottomsectionskip=\skip72
\secindent=\skip73
\beforesecskip=\skip74
\aftersecskip=\skip75
\subsecindent=\skip76
\beforesubsecskip=\skip77
\aftersubsecskip=\skip78
\subsubsecindent=\skip79
\beforesubsubsecskip=\skip80
\aftersubsubsecskip=\skip81
\paraindent=\skip82
\beforeparaskip=\skip83
\afterparaskip=\skip84
\subparaindent=\skip85
\beforesubparaskip=\skip86
\aftersubparaskip=\skip87
\pfbreakskip=\skip88
\c@@ppsavesec=\count175
\c@@ppsaveapp=\count176
\ragrparindent=\dimen135
\everylistparindent=\dimen136
\parsepi=\skip89
\topsepi=\skip90
\itemsepi=\skip91
\parsepii=\skip92
\topsepii=\skip93
\topsepiii=\skip94
\itemsepii=\skip95
\itemsepiii=\skip96
\partopsepii=\skip97
\partopsepiii=\skip98
\m@msavetopsep=\skip99
\m@msavepartopsep=\skip100
\@enLab=\toks15
\abstitleskip=\skip101
\absleftindent=\skip102
\abs@leftindent=\dimen137
\absrightindent=\skip103
\absparindent=\skip104
\absparsep=\skip105
\c@vslineno=\count177
\c@poemline=\count178
\c@modulo@vs=\count179
\c@memfvsline=\count180
\vleftskip=\skip106
\vrightskip=\skip107
\stanzaskip=\skip108
\versewidth=\skip109
\vgap=\skip110
\vindent=\skip111
\vleftmargin=\dimen138
\c@verse=\count181
\c@chrsinstr=\count182
\beforepoemtitleskip=\skip112
\afterpoemtitleskip=\skip113
\c@poem=\count183
\beforePoemTitleskip=\skip114
\midPoemTitleskip=\skip115
\afterPoemTitleskip=\skip116

(/usr/share/texlive/texmf-dist/tex/latex/tools/array.sty
Package: array 2019/08/31 v2.4l Tabular extension package (FMi)
\col@sep=\dimen139
\ar@mcellbox=\box45
\extrarowheight=\dimen140
\NC@list=\toks16
\extratabsurround=\skip117
\backup@length=\skip118
\ar@cellbox=\box46
)
(/usr/share/texlive/texmf-dist/tex/latex/tools/dcolumn.sty
Package: dcolumn 2014/10/28 v1.06 decimal alignment package (DPC)
)
(/usr/share/texlive/texmf-dist/tex/latex/tools/delarray.sty
Package: delarray 2014/10/28 v1.01 array delimiter package (DPC)
)
(/usr/share/texlive/texmf-dist/tex/latex/tools/tabularx.sty
Package: tabularx 2020/01/15 v2.11c `tabularx' package (DPC)
\TX@col@width=\dimen141
\TX@old@table=\dimen142
\TX@old@col=\dimen143
\TX@target=\dimen144
\TX@delta=\dimen145
\TX@cols=\count184
\TX@ftn=\toks17
)
\heavyrulewidth=\dimen146
\lightrulewidth=\dimen147
\cmidrulewidth=\dimen148
\belowrulesep=\dimen149
\belowbottomsep=\dimen150
\aboverulesep=\dimen151
\abovetopsep=\dimen152
\cmidrulesep=\dimen153
\cmidrulekern=\dimen154
\defaultaddspace=\dimen155
\@cmidla=\count185
\@cmidlb=\count186
\@aboverulesep=\dimen156
\@belowrulesep=\dimen157
\@thisruleclass=\count187
\@lastruleclass=\count188
\@thisrulewidth=\dimen158
\ctableftskip=\skip119
\ctabrightskip=\skip120
\abovecolumnspenalty=\count189
\@linestogo=\count190
\@cellstogo=\count191
\@cellsincolumn=\count192
\crtok=\toks18
\@mincolumnwidth=\dimen159
\c@newflo@tctr=\count193
\mem@margin@floatbox=\box47
\@contcwidth=\skip121
\@contindw=\skip122
\abovecaptionskip=\skip123
\belowcaptionskip=\skip124
\subfloattopskip=\skip125
\subfloatcapskip=\skip126
\subfloatcaptopadj=\skip127
\subfloatbottomskip=\skip128
\subfloatlabelskip=\skip129
\subfloatcapmargin=\dimen160
\c@@contsubnum=\count194
\m@mscap@capbox=\box48
\m@mscap@fbox=\box49
\sidecapsep=\dimen161
\sidecapwidth=\dimen162
\m@m@tempdima=\dimen163
\m@mscapraise=\dimen164
\sidecapraise=\dimen165
\m@mscapmainwidth=\dimen166
\m@mscaplkern=\dimen167
\beforeepigraphskip=\skip130
\afterepigraphskip=\skip131
\epigraphwidth=\skip132
\epigraphrule=\skip133
LaTeX Info: Redefining \em on input line 7664.
LaTeX Info: Redefining \emph on input line 7672.
\tocentryskip=\skip134
\tocbaseline=\skip135
\cftparskip=\skip136
\cftbeforebookskip=\skip137
\cftbookindent=\dimen168
\cftbooknumwidth=\dimen169
\cftbeforepartskip=\skip138
\cftpartindent=\skip139
\cftpartnumwidth=\skip140
\cftbeforechapterskip=\skip141
\cftchapterindent=\skip142
\cftchapternumwidth=\skip143
\cftbeforesectionskip=\skip144
\cftsectionindent=\skip145
\cftsectionnumwidth=\skip146
\cftbeforesubsectionskip=\skip147
\cftsubsectionindent=\skip148
\cftsubsectionnumwidth=\skip149
\cftbeforesubsubsectionskip=\skip150
\cftsubsubsectionindent=\skip151
\cftsubsubsectionnumwidth=\skip152
\cftbeforeparagraphskip=\skip153
\cftparagraphindent=\skip154
\cftparagraphnumwidth=\skip155
\cftbeforesubparagraphskip=\skip156
\cftsubparagraphindent=\skip157
\cftsubparagraphnumwidth=\skip158
\prechapterprecisshift=\dimen170
\c@maxsecnumdepth=\count195
\bibindent=\dimen171
\bibitemsep=\skip159
\indexcolsep=\skip160
\indexrule=\skip161
\indexmarkstyle=\toks19
\@indexbox=\insert199
\glossarycolsep=\dimen172
\glossaryrule=\dimen173
\sideparvshift=\skip162
\sideins=\insert198
\sidebartopsep=\skip163
\sidebarhsep=\skip164
\sidebarvsep=\skip165
\sidebarwidth=\skip166
\footmarkwidth=\skip167
\footmarksep=\skip168
\footparindent=\skip169
\footinsdim=\skip170
\footinsv@r=\insert197
\@mpfootinsv@r=\insert196
\m@m@k=\count266
\m@m@h=\dimen174
\m@mipn@skip=\skip171
\sidefootins=\insert252
\sidefootadjust=\skip172
\sidefootheight=\skip173
\sidefoothsep=\skip174
\sidefootvsep=\skip175
\sidefootwidth=\skip176
\m@mdownsf=\skip177
\c@sidefootnote=\count267
\sidefootmarkwidth=\skip178
\sidefootmarksep=\skip179
\sidefootparindent=\skip180
\c@pagenote=\count268
\c@pagenoteshadow=\count269
\mem@pn@lastkern=\skip181
\every@verbatim=\toks20
\afterevery@verbatim=\toks21
\verbatim@line=\toks22
\tab@position=\count270
\verbatim@in@stream=\read2
\verbatimindent=\skip182
\verbatim@out=\write3
\bvboxsep=\skip183
\c@memfbvline=\count271
\c@bvlinectr=\count272
\bvnumlength=\skip184
\fb@frw=\dimen175
\fb@frh=\dimen176
\FrameRule=\dimen177
\FrameSep=\dimen178
\c@cp@cntr=\count273
LaTeX Info: Redefining \: on input line 12199.
LaTeX Info: Redefining \! on input line 12199.
\c@ism@mctr=\count274
\c@xsm@mctr=\count275
\c@csm@mctr=\count276
\c@ksm@mctr=\count277
\c@xksm@mctr=\count278
\c@cksm@mctr=\count279
\c@msm@mctr=\count280
\c@xmsm@mctr=\count281
\c@cmsm@mctr=\count282
\c@bsm@mctr=\count283
\c@workm@mctr=\count284
\c@sheetsequence=\count285
\c@lastsheet=\count286
\c@lastpage=\count287

(/usr/share/texlive/texmf-dist/tex/latex/textcase/textcase.sty
Package: textcase 2019/09/14 v1.00 Text only upper/lower case changing (DPC)
)
\c@figure=\count288
\c@lofdepth=\count289
\cftbeforefigureskip=\skip185
\cftfigureindent=\skip186
\cftfigurenumwidth=\skip187
\c@table=\count290
\c@lotdepth=\count291
\cftbeforetableskip=\skip188
\cfttableindent=\skip189
\cfttablenumwidth=\skip190
Package abstract [2008/07/23] emulated by memoir.
Package appendix [2008/07/23] emulated by memoir.
Package booktabs [2016/05/16] emulated by memoir.
Package ccaption [2008/07/23] emulated by memoir.
Package changepage [2008/07/23] emulated by memoir.
Package chngcntr [2008/07/23] emulated by memoir.
Package chngpage [2008/07/23] emulated by memoir.
Package crop emulated by memoir.
Package enumerate [2008/07/23] emulated by memoir.
Package epigraph [2008/07/23] emulated by memoir.
Package ifmtarg [2008/07/23] emulated by memoir.
Package index [2008/07/23] emulated by memoir.
Package makeidx [2008/07/23] emulated by memoir.
Package moreverb [2008/07/23] emulated by memoir.
Package mparhack [2008/07/23] emulated by memoir.
Package needspace [2008/07/23] emulated by memoir.
Package newfile [2008/07/23] emulated by memoir.
Package nextpage [2008/07/23] emulated by memoir.
Package pagenote [2008/07/23] emulated by memoir.
Package parskip [2008/07/23] emulated by memoir.
Package patchcmd [2008/07/23] emulated by memoir.
Package setspace [2008/07/23] emulated by memoir.
Package shortvrb [2008/07/23] emulated by memoir.
Package showidx [2008/07/23] emulated by memoir.
Package titleref [2008/07/23] emulated by memoir.
Package titling [2008/07/23] emulated by memoir.
Package tocbibind [2008/07/23] emulated by memoir.
Package tocloft [2008/07/23] emulated by memoir.
Package tocvsec2 [2008/07/23] emulated by memoir.
Package verbatim [2008/07/23] emulated by memoir.
Package verse [2008/07/23] emulated by memoir.
)
(/usr/share/texlive/texmf-dist/tex/latex/pdfpages/pdfpages.sty
Package: pdfpages 2020/01/28 v0.5q Insert pages of external PDF documents (AM)

(/usr/share/texlive/texmf-dist/tex/latex/base/ifthen.sty
Package: ifthen 2014/09/29 v1.1c Standard LaTeX ifthen package (DPC)
)
(/usr/share/texlive/texmf-dist/tex/latex/tools/calc.sty
Package: calc 2017/05/25 v4.3 Infix arithmetic (KKT,FJ)
\calc@Acount=\count292
\calc@Bcount=\count293
\calc@Adimen=\dimen179
\calc@Bdimen=\dimen180
\calc@Askip=\skip191
\calc@Bskip=\skip192
LaTeX Info: Redefining \setlength on input line 80.
LaTeX Info: Redefining \addtolength on input line 81.
\calc@Ccount=\count294
\calc@Cskip=\skip193
)
(/usr/share/texlive/texmf-dist/tex/latex/eso-pic/eso-pic.sty
Package: eso-pic 2018/04/12 v2.0h eso-pic (RN)

(/usr/share/texlive/texmf-dist/tex/generic/atbegshi/atbegshi.sty
Package: atbegshi 2019/12/05 v1.19 At begin shipout hook (HO)

(/usr/share/texlive/texmf-dist/tex/generic/infwarerr/infwarerr.sty
Package: infwarerr 2019/12/03 v1.5 Providing info/warning/error messages (HO)
)
(/usr/share/texlive/texmf-dist/tex/generic/ltxcmds/ltxcmds.sty
Package: ltxcmds 2019/12/15 v1.24 LaTeX kernel commands for general use (HO)
))
(/usr/share/texlive/texmf-dist/tex/latex/graphics/keyval.sty
Package: keyval 2014/10/28 v1.15 key=value parser (DPC)
\KV@toks@=\toks23
)
(/usr/share/texlive/texmf-dist/tex/latex/xcolor/xcolor.sty
Package: xcolor 2016/05/11 v2.12 LaTeX color extensions (UK)

(/usr/share/texlive/texmf-dist/tex/latex/graphics-cfg/color.cfg
File: color.cfg 2016/01/02 v1.6 sample color configuration
)
Package xcolor Info: Driver file: xetex.def on input line 225.

(/usr/share/texlive/texmf-dist/tex/latex/graphics-def/xetex.def
File: xetex.def 2017/06/24 v5.0h Graphics/color driver for xetex
)
Package xcolor Info: Model `cmy' substituted by `cmy0' on input line 1348.
Package xcolor Info: Model `RGB' extended on input line 1364.
Package xcolor Info: Model `HTML' substituted by `rgb' on input line 1366.
Package xcolor Info: Model `Hsb' substituted by `hsb' on input line 1367.
Package xcolor Info: Model `tHsb' substituted by `hsb' on input line 1368.
Package xcolor Info: Model `HSB' substituted by `hsb' on input line 1369.
Package xcolor Info: Model `Gray' substituted by `gray' on input line 1370.
Package xcolor Info: Model `wave' substituted by `hsb' on input line 1371.
))
(/usr/share/texlive/texmf-dist/tex/latex/graphics/graphicx.sty
Package: graphicx 2019/11/30 v1.2a Enhanced LaTeX Graphics (DPC,SPQR)

(/usr/share/texlive/texmf-dist/tex/latex/graphics/graphics.sty
Package: graphics 2019/11/30 v1.4a Standard LaTeX Graphics (DPC,SPQR)

(/usr/share/texlive/texmf-dist/tex/latex/graphics/trig.sty
Package: trig 2016/01/03 v1.10 sin cos tan (DPC)
)
(/usr/share/texlive/texmf-dist/tex/latex/graphics-cfg/graphics.cfg
File: graphics.cfg 2016/06/04 v1.11 sample graphics configuration
)
Package graphics Info: Driver file: xetex.def on input line 105.
)
\Gin@req@height=\dimen181
\Gin@req@width=\dimen182
)
\AM@pagewidth=\dimen183
\AM@pageheight=\dimen184

(/usr/share/texlive/texmf-dist/tex/latex/pdfpages/ppxetex.def
File: ppxetex.def 2020/01/28 v0.5q Pdfpages driver for XeTeX (AM)
)
\AM@pagebox=\box50
\AM@global@opts=\toks24
\AM@pagecnt=\count295
\AM@toc@title=\toks25
\c@AM@survey=\count296
\AM@templatesizebox=\box51
)
(/usr/share/texlive/texmf-dist/tex/latex/fancyhdr/fancyhdr.sty
Package: fancyhdr 2019/01/31 v3.10 Extensive control of page headers and footer
s
\f@nch@headwidth=\skip194
\f@nch@O@elh=\skip195
\f@nch@O@erh=\skip256
\f@nch@O@olh=\skip257
\f@nch@O@orh=\skip258
\f@nch@O@elf=\skip259
\f@nch@O@erf=\skip260
\f@nch@O@olf=\skip261
\f@nch@O@orf=\skip262
)
(/usr/share/texlive/texmf-dist/tex/latex/geometry/geometry.sty
Package: geometry 2020/01/02 v5.9 Page Geometry

(/usr/share/texlive/texmf-dist/tex/generic/iftex/ifvtex.sty
Package: ifvtex 2019/10/25 v1.7 ifvtex legacy package. Use iftex instead.
)
\Gm@cnth=\count297
\Gm@cntv=\count298
\c@Gm@tempcnt=\count299
\Gm@bindingoffset=\dimen185
\Gm@wd@mp=\dimen186
\Gm@odd@mp=\dimen187
\Gm@even@mp=\dimen188
\Gm@layoutwidth=\dimen189
\Gm@layoutheight=\dimen190
\Gm@layouthoffset=\dimen191
\Gm@layoutvoffset=\dimen192
\Gm@dimlist=\toks26
)
(/usr/share/texlive/texmf-dist/tex/latex/l3backend/l3backend-xdvipdfmx.def
File: l3backend-xdvipdfmx.def 2020-06-29 L3 backend support: xdvipdfmx
\g__graphics_track_int=\count300
\l__pdf_internal_box=\box52
\g__pdf_backend_object_int=\count301
\g__pdf_backend_annotation_int=\count302
)
No file Piano-Works--vol-1-nocover.aux.
\openout1 = `Piano-Works--vol-1-nocover.aux'.

LaTeX Font Info:    Checking defaults for OML/cmm/m/it on input line 17.
LaTeX Font Info:    ... okay on input line 17.
LaTeX Font Info:    Checking defaults for OMS/cmsy/m/n on input line 17.
LaTeX Font Info:    ... okay on input line 17.
LaTeX Font Info:    Checking defaults for OT1/cmr/m/n on input line 17.
LaTeX Font Info:    ... okay on input line 17.
LaTeX Font Info:    Checking defaults for T1/cmr/m/n on input line 17.
LaTeX Font Info:    ... okay on input line 17.
LaTeX Font Info:    Checking defaults for TS1/cmr/m/n on input line 17.
LaTeX Font Info:    Trying to load font information for TS1+cmr on input line 1
7.
(/usr/share/texlive/texmf-dist/tex/latex/base/ts1cmr.fd
File: ts1cmr.fd 2019/12/16 v2.5j Standard LaTeX font definitions
)
LaTeX Font Info:    ... okay on input line 17.
LaTeX Font Info:    Checking defaults for TU/lmr/m/n on input line 17.
LaTeX Font Info:    ... okay on input line 17.
LaTeX Font Info:    Checking defaults for OMX/cmex/m/n on input line 17.
LaTeX Font Info:    ... okay on input line 17.
LaTeX Font Info:    Checking defaults for U/cmr/m/n on input line 17.
LaTeX Font Info:    ... okay on input line 17.
\AtBeginShipoutBox=\box53

(/usr/share/texlive/texmf-dist/tex/latex/pdflscape/pdflscape.sty
Package: pdflscape 2019/12/05 v0.12 Display of landscape pages in PDF (HO)

(/usr/share/texlive/texmf-dist/tex/latex/graphics/lscape.sty
Package: lscape 2000/10/22 v3.01 Landscape Pages (DPC)
)
Package pdflscape Info: Auto-detected driver: dvipdfm (xetex) on input line 98.

)
*geometry* driver: auto-detecting
*geometry* detected driver: xetex
*geometry* verbose mode - [ preamble ] result:
* driver: xetex
* paper: letterpaper
* layout: <custom>
* layout(width,height): (614.295pt,794.96999pt)
* layoutoffset:(h,v)=(0.0pt,0.0pt)
* modes: includehead includefoot twoside 
* h-part:(L,W,R)=(72.26999pt, 505.89001pt, 36.135pt)
* v-part:(T,H,B)=(36.135pt, 722.7pt, 36.135pt)
* \paperwidth=614.295pt
* \paperheight=794.96999pt
* \textwidth=505.89001pt
* \textheight=667.33757pt
* \oddsidemargin=0.0pt
* \evensidemargin=-36.135pt
* \topmargin=-36.135pt
* \headheight=12.0pt
* \headsep=18.06749pt
* \topskip=10.0pt
* \footskip=25.29494pt
* \marginparwidth=128.0pt
* \marginparsep=7.0pt
* \columnsep=10.0pt
* \skip\footins=12.0pt plus 4.0pt minus 4.0pt
* \hoffset=0.0pt
* \voffset=0.0pt
* \mag=1000
* \@twocolumnfalse
* \@twosidetrue
* \@mparswitchtrue
* \@reversemarginfalse
* (1in=72.27pt=25.4mm, 1cm=28.453pt)

File: Three-Pieces.pdf Graphic file (type pdf)
<use Three-Pieces.pdf>
File: Three-Pieces.pdf Graphic file (type pdf)
<use Three-Pieces.pdf>
File: Three-Pieces.pdf Graphic file (type pdf)
<use Three-Pieces.pdf, page 1>
File: Three-Pieces.pdf Graphic file (type pdf)
<use Three-Pieces.pdf, page 1>
File: Three-Pieces.pdf Graphic file (type pdf)
<use Three-Pieces.pdf, page 1>
File: Three-Pieces.pdf Graphic file (type pdf)
<use Three-Pieces.pdf, page 1>
File: Three-Pieces.pdf Graphic file (type pdf)
<use Three-Pieces.pdf, page 1>
[1

]
File: Three-Pieces.pdf Graphic file (type pdf)
<use Three-Pieces.pdf, page 2>
File: Three-Pieces.pdf Graphic file (type pdf)
<use Three-Pieces.pdf, page 2>
File: Three-Pieces.pdf Graphic file (type pdf)
<use Three-Pieces.pdf, page 2>
 [2]
File: Three-Pieces.pdf Graphic file (type pdf)
<use Three-Pieces.pdf, page 3>
File: Three-Pieces.pdf Graphic file (type pdf)
<use Three-Pieces.pdf, page 3>
File: Three-Pieces.pdf Graphic file (type pdf)
<use Three-Pieces.pdf, page 3>
 [3]
File: Three-Pieces.pdf Graphic file (type pdf)
<use Three-Pieces.pdf, page 4>
File: Three-Pieces.pdf Graphic file (type pdf)
<use Three-Pieces.pdf, page 4>
File: Three-Pieces.pdf Graphic file (type pdf)
<use Three-Pieces.pdf, page 4>
 [4]
File: Three-Pieces.pdf Graphic file (type pdf)
<use Three-Pieces.pdf, page 5>
File: Three-Pieces.pdf Graphic file (type pdf)
<use Three-Pieces.pdf, page 5>
File: Three-Pieces.pdf Graphic file (type pdf)
<use Three-Pieces.pdf, page 5>
 [5]
File: Three-Pieces.pdf Graphic file (type pdf)
<use Three-Pieces.pdf, page 6>
File: Three-Pieces.pdf Graphic file (type pdf)
<use Three-Pieces.pdf, page 6>
File: Three-Pieces.pdf Graphic file (type pdf)
<use Three-Pieces.pdf, page 6>
 [6]
File: Three-Pieces.pdf Graphic file (type pdf)
<use Three-Pieces.pdf, page 7>
File: Three-Pieces.pdf Graphic file (type pdf)
<use Three-Pieces.pdf, page 7>
File: Three-Pieces.pdf Graphic file (type pdf)
<use Three-Pieces.pdf, page 7>
 [7]
File: Three-Pieces.pdf Graphic file (type pdf)
<use Three-Pieces.pdf, page 8>
File: Three-Pieces.pdf Graphic file (type pdf)
<use Three-Pieces.pdf, page 8>
File: Three-Pieces.pdf Graphic file (type pdf)
<use Three-Pieces.pdf, page 8>
 [8]
File: Three-Pieces.pdf Graphic file (type pdf)
<use Three-Pieces.pdf, page 9>
File: Three-Pieces.pdf Graphic file (type pdf)
<use Three-Pieces.pdf, page 9>
File: Three-Pieces.pdf Graphic file (type pdf)
<use Three-Pieces.pdf, page 9>
 [9]
File: Three-Pieces.pdf Graphic file (type pdf)
<use Three-Pieces.pdf, page 10>
File: Three-Pieces.pdf Graphic file (type pdf)
<use Three-Pieces.pdf, page 10>
File: Three-Pieces.pdf Graphic file (type pdf)
<use Three-Pieces.pdf, page 10>
 [10]
File: Three-Pieces.pdf Graphic file (type pdf)
<use Three-Pieces.pdf, page 11>
File: Three-Pieces.pdf Graphic file (type pdf)
<use Three-Pieces.pdf, page 11>
File: Three-Pieces.pdf Graphic file (type pdf)
<use Three-Pieces.pdf, page 11>
 [11]
File: Three-Pieces.pdf Graphic file (type pdf)
<use Three-Pieces.pdf, page 12>
File: Three-Pieces.pdf Graphic file (type pdf)
<use Three-Pieces.pdf, page 12>
File: Three-Pieces.pdf Graphic file (type pdf)
<use Three-Pieces.pdf, page 12>
 [12]
File: ongoing/miniatures/Miniatures.pdf Graphic file (type pdf)
<use ongoing/miniatures/Miniatures.pdf>
File: ongoing/miniatures/Miniatures.pdf Graphic file (type pdf)
<use ongoing/miniatures/Miniatures.pdf>
File: ongoing/miniatures/Miniatures.pdf Graphic file (type pdf)
<use ongoing/miniatures/Miniatures.pdf, page 1>
File: ongoing/miniatures/Miniatures.pdf Graphic file (type pdf)
<use ongoing/miniatures/Miniatures.pdf, page 1>
File: ongoing/miniatures/Miniatures.pdf Graphic file (type pdf)
<use ongoing/miniatures/Miniatures.pdf, page 1>
File: ongoing/miniatures/Miniatures.pdf Graphic file (type pdf)
<use ongoing/miniatures/Miniatures.pdf, page 1>
File: ongoing/miniatures/Miniatures.pdf Graphic file (type pdf)
<use ongoing/miniatures/Miniatures.pdf, page 1>
 [13]
File: ongoing/miniatures/Miniatures.pdf Graphic file (type pdf)
<use ongoing/miniatures/Miniatures.pdf, page 2>
File: ongoing/miniatures/Miniatures.pdf Graphic file (type pdf)
<use ongoing/miniatures/Miniatures.pdf, page 2>
File: ongoing/miniatures/Miniatures.pdf Graphic file (type pdf)
<use ongoing/miniatures/Miniatures.pdf, page 2>
 [14]
File: ongoing/miniatures/Miniatures.pdf Graphic file (type pdf)
<use ongoing/miniatures/Miniatures.pdf, page 3>
File: ongoing/miniatures/Miniatures.pdf Graphic file (type pdf)
<use ongoing/miniatures/Miniatures.pdf, page 3>
File: ongoing/miniatures/Miniatures.pdf Graphic file (type pdf)
<use ongoing/miniatures/Miniatures.pdf, page 3>
 [15]
File: ongoing/miniatures/Miniatures.pdf Graphic file (type pdf)
<use ongoing/miniatures/Miniatures.pdf, page 4>
File: ongoing/miniatures/Miniatures.pdf Graphic file (type pdf)
<use ongoing/miniatures/Miniatures.pdf, page 4>
File: ongoing/miniatures/Miniatures.pdf Graphic file (type pdf)
<use ongoing/miniatures/Miniatures.pdf, page 4>
 [16]
File: ongoing/miniatures/Miniatures.pdf Graphic file (type pdf)
<use ongoing/miniatures/Miniatures.pdf, page 5>
File: ongoing/miniatures/Miniatures.pdf Graphic file (type pdf)
<use ongoing/miniatures/Miniatures.pdf, page 5>
File: ongoing/miniatures/Miniatures.pdf Graphic file (type pdf)
<use ongoing/miniatures/Miniatures.pdf, page 5>
 [17]
File: ongoing/miniatures/Miniatures.pdf Graphic file (type pdf)
<use ongoing/miniatures/Miniatures.pdf, page 6>
File: ongoing/miniatures/Miniatures.pdf Graphic file (type pdf)
<use ongoing/miniatures/Miniatures.pdf, page 6>
File: ongoing/miniatures/Miniatures.pdf Graphic file (type pdf)
<use ongoing/miniatures/Miniatures.pdf, page 6>

[18]
File: ongoing/miniatures/Miniatures.pdf Graphic file (type pdf)
<use ongoing/miniatures/Miniatures.pdf, page 7>
File: ongoing/miniatures/Miniatures.pdf Graphic file (type pdf)
<use ongoing/miniatures/Miniatures.pdf, page 7>
File: ongoing/miniatures/Miniatures.pdf Graphic file (type pdf)
<use ongoing/miniatures/Miniatures.pdf, page 7>
 [19]
File: ongoing/miniatures/Miniatures.pdf Graphic file (type pdf)
<use ongoing/miniatures/Miniatures.pdf, page 8>
File: ongoing/miniatures/Miniatures.pdf Graphic file (type pdf)
<use ongoing/miniatures/Miniatures.pdf, page 8>
File: ongoing/miniatures/Miniatures.pdf Graphic file (type pdf)
<use ongoing/miniatures/Miniatures.pdf, page 8>
 [20]
File: ongoing/miniatures/Miniatures.pdf Graphic file (type pdf)
<use ongoing/miniatures/Miniatures.pdf, page 9>
File: ongoing/miniatures/Miniatures.pdf Graphic file (type pdf)
<use ongoing/miniatures/Miniatures.pdf, page 9>
File: ongoing/miniatures/Miniatures.pdf Graphic file (type pdf)
<use ongoing/miniatures/Miniatures.pdf, page 9>
 [21]
File: ongoing/miniatures/Miniatures.pdf Graphic file (type pdf)
<use ongoing/miniatures/Miniatures.pdf, page 10>
File: ongoing/miniatures/Miniatures.pdf Graphic file (type pdf)
<use ongoing/miniatures/Miniatures.pdf, page 10>
File: ongoing/miniatures/Miniatures.pdf Graphic file (type pdf)
<use ongoing/miniatures/Miniatures.pdf, page 10>
 [22]
File: Chronological-Inventions.pdf Graphic file (type pdf)
<use Chronological-Inventions.pdf>
File: Chronological-Inventions.pdf Graphic file (type pdf)
<use Chronological-Inventions.pdf>
File: Chronological-Inventions.pdf Graphic file (type pdf)
<use Chronological-Inventions.pdf, page 1>
File: Chronological-Inventions.pdf Graphic file (type pdf)
<use Chronological-Inventions.pdf, page 1>
File: Chronological-Inventions.pdf Graphic file (type pdf)
<use Chronological-Inventions.pdf, page 1>
File: Chronological-Inventions.pdf Graphic file (type pdf)
<use Chronological-Inventions.pdf, page 1>
File: Chronological-Inventions.pdf Graphic file (type pdf)
<use Chronological-Inventions.pdf, page 1>
 [23]
File: Chronological-Inventions.pdf Graphic file (type pdf)
<use Chronological-Inventions.pdf, page 2>
File: Chronological-Inventions.pdf Graphic file (type pdf)
<use Chronological-Inventions.pdf, page 2>
File: Chronological-Inventions.pdf Graphic file (type pdf)
<use Chronological-Inventions.pdf, page 2>
 [24]
File: Chronological-Inventions.pdf Graphic file (type pdf)
<use Chronological-Inventions.pdf, page 3>
File: Chronological-Inventions.pdf Graphic file (type pdf)
<use Chronological-Inventions.pdf, page 3>
File: Chronological-Inventions.pdf Graphic file (type pdf)
<use Chronological-Inventions.pdf, page 3>
 [25]
File: Chronological-Inventions.pdf Graphic file (type pdf)
<use Chronological-Inventions.pdf, page 4>
File: Chronological-Inventions.pdf Graphic file (type pdf)
<use Chronological-Inventions.pdf, page 4>
File: Chronological-Inventions.pdf Graphic file (type pdf)
<use Chronological-Inventions.pdf, page 4>
 [26]
File: Chronological-Inventions.pdf Graphic file (type pdf)
<use Chronological-Inventions.pdf, page 5>
File: Chronological-Inventions.pdf Graphic file (type pdf)
<use Chronological-Inventions.pdf, page 5>
File: Chronological-Inventions.pdf Graphic file (type pdf)
<use Chronological-Inventions.pdf, page 5>
 [27]
File: 2008/character-dances/CharacterDances.pdf Graphic file (type pdf)
<use 2008/character-dances/CharacterDances.pdf>
File: 2008/character-dances/CharacterDances.pdf Graphic file (type pdf)
<use 2008/character-dances/CharacterDances.pdf>
File: 2008/character-dances/CharacterDances.pdf Graphic file (type pdf)
<use 2008/character-dances/CharacterDances.pdf, page 1>
File: 2008/character-dances/CharacterDances.pdf Graphic file (type pdf)
<use 2008/character-dances/CharacterDances.pdf, page 1>
File: 2008/character-dances/CharacterDances.pdf Graphic file (type pdf)
<use 2008/character-dances/CharacterDances.pdf, page 1>
File: 2008/character-dances/CharacterDances.pdf Graphic file (type pdf)
<use 2008/character-dances/CharacterDances.pdf, page 1>
File: 2008/character-dances/CharacterDances.pdf Graphic file (type pdf)
<use 2008/character-dances/CharacterDances.pdf, page 1>
 [28]
File: 2008/character-dances/CharacterDances.pdf Graphic file (type pdf)
<use 2008/character-dances/CharacterDances.pdf, page 2>
File: 2008/character-dances/CharacterDances.pdf Graphic file (type pdf)
<use 2008/character-dances/CharacterDances.pdf, page 2>
File: 2008/character-dances/CharacterDances.pdf Graphic file (type pdf)
<use 2008/character-dances/CharacterDances.pdf, page 2>
 [29]
File: 2008/character-dances/CharacterDances.pdf Graphic file (type pdf)
<use 2008/character-dances/CharacterDances.pdf, page 3>
File: 2008/character-dances/CharacterDances.pdf Graphic file (type pdf)
<use 2008/character-dances/CharacterDances.pdf, page 3>
File: 2008/character-dances/CharacterDances.pdf Graphic file (type pdf)
<use 2008/character-dances/CharacterDances.pdf, page 3>
 [30]
File: 2008/character-dances/CharacterDances.pdf Graphic file (type pdf)
<use 2008/character-dances/CharacterDances.pdf, page 4>
File: 2008/character-dances/CharacterDances.pdf Graphic file (type pdf)
<use 2008/character-dances/CharacterDances.pdf, page 4>
File: 2008/character-dances/CharacterDances.pdf Graphic file (type pdf)
<use 2008/character-dances/CharacterDances.pdf, page 4>
 [31]
File: 2008/character-dances/CharacterDances.pdf Graphic file (type pdf)
<use 2008/character-dances/CharacterDances.pdf, page 5>
File: 2008/character-dances/CharacterDances.pdf Graphic file (type pdf)
<use 2008/character-dances/CharacterDances.pdf, page 5>
File: 2008/character-dances/CharacterDances.pdf Graphic file (type pdf)
<use 2008/character-dances/CharacterDances.pdf, page 5>
 [32]
File: 2008/character-dances/CharacterDances.pdf Graphic file (type pdf)
<use 2008/character-dances/CharacterDances.pdf, page 6>
File: 2008/character-dances/CharacterDances.pdf Graphic file (type pdf)
<use 2008/character-dances/CharacterDances.pdf, page 6>
File: 2008/character-dances/CharacterDances.pdf Graphic file (type pdf)
<use 2008/character-dances/CharacterDances.pdf, page 6>

[33]
File: 2008/character-dances/CharacterDances.pdf Graphic file (type pdf)
<use 2008/character-dances/CharacterDances.pdf, page 7>
File: 2008/character-dances/CharacterDances.pdf Graphic file (type pdf)
<use 2008/character-dances/CharacterDances.pdf, page 7>
File: 2008/character-dances/CharacterDances.pdf Graphic file (type pdf)
<use 2008/character-dances/CharacterDances.pdf, page 7>
 [34]
File: 2008/character-dances/CharacterDances.pdf Graphic file (type pdf)
<use 2008/character-dances/CharacterDances.pdf, page 8>
File: 2008/character-dances/CharacterDances.pdf Graphic file (type pdf)
<use 2008/character-dances/CharacterDances.pdf, page 8>
File: 2008/character-dances/CharacterDances.pdf Graphic file (type pdf)
<use 2008/character-dances/CharacterDances.pdf, page 8>
 [35]
File: 2008/character-dances/CharacterDances.pdf Graphic file (type pdf)
<use 2008/character-dances/CharacterDances.pdf, page 9>
File: 2008/character-dances/CharacterDances.pdf Graphic file (type pdf)
<use 2008/character-dances/CharacterDances.pdf, page 9>
File: 2008/character-dances/CharacterDances.pdf Graphic file (type pdf)
<use 2008/character-dances/CharacterDances.pdf, page 9>
 [36]
File: 2008/character-dances/CharacterDances.pdf Graphic file (type pdf)
<use 2008/character-dances/CharacterDances.pdf, page 10>
File: 2008/character-dances/CharacterDances.pdf Graphic file (type pdf)
<use 2008/character-dances/CharacterDances.pdf, page 10>
File: 2008/character-dances/CharacterDances.pdf Graphic file (type pdf)
<use 2008/character-dances/CharacterDances.pdf, page 10>
 [37]
File: 2008/character-dances/CharacterDances.pdf Graphic file (type pdf)
<use 2008/character-dances/CharacterDances.pdf, page 11>
File: 2008/character-dances/CharacterDances.pdf Graphic file (type pdf)
<use 2008/character-dances/CharacterDances.pdf, page 11>
File: 2008/character-dances/CharacterDances.pdf Graphic file (type pdf)
<use 2008/character-dances/CharacterDances.pdf, page 11>
 [38] (./Piano-Works--vol-1-nocover.aux) ) 
Here is how much of TeX's memory you used:
 6346 strings out of 481704
 93100 string characters out of 5933810
 370271 words of memory out of 5000000
 23413 multiletter control sequences out of 15000+600000
 535112 words of font info for 32 fonts, out of 8000000 for 9000
 14 hyphenation exceptions out of 8191
 44i,18n,45p,278b,432s stack positions out of 5000i,500n,10000p,200000b,80000s

Output written on Piano-Works--vol-1-nocover.pdf (38 pages).
